Using pre-set license
Built from '2020.3/staging' branch; Version is '2020.3.32f1 (12f8b0834f07) revision 1243312'; Using compiler version '192528614'; Build Type 'Release'
OS: 'Windows 10  (10.0.19044) 64bit Professional' Language: 'en' Physical Memory: 16225 MB
BatchMode: 1, IsHumanControllingUs: 0, StartBugReporterOnCrash: 0, Is64bit: 1, IsPro: 0

COMMAND LINE ARGUMENTS:
C:\Program Files\Unity\Hub\Editor\2020.3.32f1\Editor\Unity.exe
-adb2
-batchMode
-noUpm
-name
AssetImportWorker0
-projectPath
C:/Users/yuenn/UnityGames/LudumDare50/Ludum Dare 50 Game
-logFile
Logs/AssetImportWorker0.log
-srvPort
50886
Successfully changed project path to: C:/Users/yuenn/UnityGames/LudumDare50/Ludum Dare 50 Game
C:/Users/yuenn/UnityGames/LudumDare50/Ludum Dare 50 Game
Using Asset Import Pipeline V2.
Refreshing native plugins compatible for Editor in 58.10 ms, found 3 plugins.
Preloading 0 native plugins for Editor in 0.00 ms.
Initialize engine version: 2020.3.32f1 (12f8b0834f07)
[Subsystems] Discovering subsystems at path C:/Program Files/Unity/Hub/Editor/2020.3.32f1/Editor/Data/Resources/UnitySubsystems
[Subsystems] Discovering subsystems at path C:/Users/yuenn/UnityGames/LudumDare50/Ludum Dare 50 Game/Assets
GfxDevice: creating device client; threaded=0
Direct3D:
    Version:  Direct3D 11.0 [level 11.1]
    Renderer: NVIDIA GeForce RTX 2060 (ID=0x1f11)
    Vendor:   
    VRAM:     5980 MB
    Driver:   30.0.15.1215
Initialize mono
Mono path[0] = 'C:/Program Files/Unity/Hub/Editor/2020.3.32f1/Editor/Data/Managed'
Mono path[1] = 'C:/Program Files/Unity/Hub/Editor/2020.3.32f1/Editor/Data/MonoBleedingEdge/lib/mono/unityjit'
Mono config path = 'C:/Program Files/Unity/Hub/Editor/2020.3.32f1/Editor/Data/MonoBleedingEdge/etc'
Using monoOptions --debugger-agent=transport=dt_socket,embedding=1,server=y,suspend=n,address=127.0.0.1:56364
Begin MonoManager ReloadAssembly
Registering precompiled unity dll's ...
Register platform support module: C:/Program Files/Unity/Hub/Editor/2020.3.32f1/Editor/Data/PlaybackEngines/WindowsStandaloneSupport/UnityEditor.WindowsStandalone.Extensions.dll
Registered in 0.002772 seconds.
Native extension for WindowsStandalone target not found
Refreshing native plugins compatible for Editor in 50.38 ms, found 3 plugins.
Preloading 0 native plugins for Editor in 0.00 ms.
Mono: successfully reloaded assembly
- Completed reload, in  0.722 seconds
Domain Reload Profiling:
	ReloadAssembly (722ms)
		BeginReloadAssembly (80ms)
			ExecutionOrderSort (0ms)
			DisableScriptedObjects (0ms)
			BackupInstance (0ms)
			ReleaseScriptingObjects (0ms)
			CreateAndSetChildDomain (1ms)
		EndReloadAssembly (542ms)
			LoadAssemblies (76ms)
			RebuildTransferFunctionScriptingTraits (0ms)
			SetupTypeCache (178ms)
			ReleaseScriptCaches (0ms)
			RebuildScriptCaches (34ms)
			SetupLoadedEditorAssemblies (193ms)
				LogAssemblyErrors (0ms)
				InitializePlatformSupportModulesInManaged (4ms)
				SetLoadedEditorAssemblies (0ms)
				RefreshPlugins (50ms)
				BeforeProcessingInitializeOnLoad (12ms)
				ProcessInitializeOnLoadAttributes (98ms)
				ProcessInitializeOnLoadMethodAttributes (27ms)
				AfterProcessingInitializeOnLoad (0ms)
				EditorAssembliesLoaded (0ms)
			ExecutionOrderSort2 (0ms)
			AwakeInstancesAfterBackupRestoration (0ms)
Platform modules already initialized, skipping
Registering precompiled user dll's ...
Registered in 0.003629 seconds.
Begin MonoManager ReloadAssembly
Symbol file data-000001DCFF033900 doesn't match image C:\Users\yuenn\UnityGames\LudumDare50\Ludum Dare 50 Game\Library\ScriptAssemblies\Unity.InternalAPIEngineBridge.001.dll
Symbol file LoadedFromMemory is not a mono symbol file
Symbol file data-000001DCFF706320 doesn't match image C:\Users\yuenn\UnityGames\LudumDare50\Ludum Dare 50 Game\Library\ScriptAssemblies\Unity.VSCode.Editor.dll
Symbol file LoadedFromMemory is not a mono symbol file
Symbol file data-000001DCFF8073B0 doesn't match image C:\Users\yuenn\UnityGames\LudumDare50\Ludum Dare 50 Game\Library\ScriptAssemblies\Unity.2D.PixelPerfect.dll
Symbol file LoadedFromMemory is not a mono symbol file
Symbol file data-000001DB64549C20 doesn't match image C:\Users\yuenn\UnityGames\LudumDare50\Ludum Dare 50 Game\Library\ScriptAssemblies\PsdPlugin.dll
Symbol file LoadedFromMemory is not a mono symbol file
Symbol file data-000001DB64549C20 doesn't match image C:\Users\yuenn\UnityGames\LudumDare50\Ludum Dare 50 Game\Library\ScriptAssemblies\Unity.TextMeshPro.Editor.dll
Symbol file LoadedFromMemory is not a mono symbol file
Symbol file data-000001DB635FA240 doesn't match image C:\Users\yuenn\UnityGames\LudumDare50\Ludum Dare 50 Game\Library\ScriptAssemblies\Unity.VisualStudio.Editor.dll
Symbol file LoadedFromMemory is not a mono symbol file
Symbol file data-000001DB635FA240 doesn't match image C:\Users\yuenn\UnityGames\LudumDare50\Ludum Dare 50 Game\Library\ScriptAssemblies\UnityEngine.TestRunner.dll
Symbol file LoadedFromMemory is not a mono symbol file
Symbol file data-000001DB64549C20 doesn't match image C:\Users\yuenn\UnityGames\LudumDare50\Ludum Dare 50 Game\Library\ScriptAssemblies\Unity.Timeline.dll
Symbol file LoadedFromMemory is not a mono symbol file
Symbol file data-000001DB64030700 doesn't match image C:\Users\yuenn\UnityGames\LudumDare50\Ludum Dare 50 Game\Library\ScriptAssemblies\Unity.TextMeshPro.dll
Symbol file LoadedFromMemory is not a mono symbol file
Symbol file data-000001DB636B3C30 doesn't match image C:\Users\yuenn\UnityGames\LudumDare50\Ludum Dare 50 Game\Library\ScriptAssemblies\UnityEditor.TestRunner.dll
Symbol file LoadedFromMemory is not a mono symbol file
Symbol file data-000001DB64549C20 doesn't match image C:\Users\yuenn\UnityGames\LudumDare50\Ludum Dare 50 Game\Library\ScriptAssemblies\Unity.2D.Sprite.Editor.dll
Symbol file LoadedFromMemory is not a mono symbol file
Symbol file data-000001DB64551C30 doesn't match image C:\Users\yuenn\UnityGames\LudumDare50\Ludum Dare 50 Game\Library\ScriptAssemblies\Unity.2D.Path.Editor.dll
Symbol file LoadedFromMemory is not a mono symbol file
Symbol file data-000001DCFF940270 doesn't match image C:\Users\yuenn\UnityGames\LudumDare50\Ludum Dare 50 Game\Library\ScriptAssemblies\Unity.InternalAPIEditorBridge.001.dll
Symbol file LoadedFromMemory is not a mono symbol file
Symbol file data-000001DB64551C30 doesn't match image C:\Users\yuenn\UnityGames\LudumDare50\Ludum Dare 50 Game\Library\ScriptAssemblies\UnityEditor.UI.dll
Symbol file LoadedFromMemory is not a mono symbol file
Symbol file data-000001DB636D9020 doesn't match image C:\Users\yuenn\UnityGames\LudumDare50\Ludum Dare 50 Game\Library\ScriptAssemblies\Unity.PlasticSCM.Editor.dll
Symbol file LoadedFromMemory is not a mono symbol file
Symbol file data-000001DB6450E4A0 doesn't match image C:\Users\yuenn\UnityGames\LudumDare50\Ludum Dare 50 Game\Library\ScriptAssemblies\Unity.Rider.Editor.dll
Symbol file LoadedFromMemory is not a mono symbol file
Symbol file data-000001DB63219E90 doesn't match image C:\Users\yuenn\UnityGames\LudumDare50\Ludum Dare 50 Game\Library\ScriptAssemblies\UnityEngine.UI.dll
Symbol file LoadedFromMemory is not a mono symbol file
Symbol file data-000001DB63404010 doesn't match image C:\Users\yuenn\UnityGames\LudumDare50\Ludum Dare 50 Game\Library\ScriptAssemblies\Unity.Mathematics.dll
Symbol file LoadedFromMemory is not a mono symbol file
Symbol file data-000001DCFF708330 doesn't match image C:\Users\yuenn\UnityGames\LudumDare50\Ludum Dare 50 Game\Library\ScriptAssemblies\Unity.2D.IK.Runtime.dll
Symbol file LoadedFromMemory is not a mono symbol file
Symbol file data-000001DB6450E4A0 doesn't match image C:\Users\yuenn\UnityGames\LudumDare50\Ludum Dare 50 Game\Library\ScriptAssemblies\Unity.Services.Core.Editor.dll
Symbol file LoadedFromMemory is not a mono symbol file
Symbol file data-000001DB63433020 doesn't match image C:\Users\yuenn\UnityGames\LudumDare50\Ludum Dare 50 Game\Library\ScriptAssemblies\Unity.2D.Animation.Triangle.Runtime.dll
Symbol file LoadedFromMemory is not a mono symbol file
Symbol file data-000001DCFF936E50 doesn't match image C:\Users\yuenn\UnityGames\LudumDare50\Ludum Dare 50 Game\Library\ScriptAssemblies\Unity.2D.PixelPerfect.Editor.dll
Symbol file LoadedFromMemory is not a mono symbol file
Symbol file data-000001DCFF5F9650 doesn't match image C:\Users\yuenn\UnityGames\LudumDare50\Ludum Dare 50 Game\Library\ScriptAssemblies\Unity.Timeline.Editor.dll
Symbol file LoadedFromMemory is not a mono symbol file
Symbol file data-000001DB63BBBE30 doesn't match image C:\Users\yuenn\UnityGames\LudumDare50\Ludum Dare 50 Game\Library\ScriptAssemblies\Unity.2D.Common.Runtime.dll
Symbol file LoadedFromMemory is not a mono symbol file
Symbol file data-000001DB63777E40 doesn't match image C:\Users\yuenn\UnityGames\LudumDare50\Ludum Dare 50 Game\Library\ScriptAssemblies\NavMeshComponentsEditor.dll
Symbol file LoadedFromMemory is not a mono symbol file
Symbol file data-000001DB63777E40 doesn't match image C:\Users\yuenn\UnityGames\LudumDare50\Ludum Dare 50 Game\Library\ScriptAssemblies\NavMeshComponents.dll
Symbol file LoadedFromMemory is not a mono symbol file
Symbol file data-000001DB6401DE20 doesn't match image C:\Users\yuenn\UnityGames\LudumDare50\Ludum Dare 50 Game\Library\ScriptAssemblies\Unity.2D.Common.Editor.dll
Symbol file LoadedFromMemory is not a mono symbol file
Native extension for WindowsStandalone target not found
Refreshing native plugins compatible for Editor in 47.31 ms, found 3 plugins.
Preloading 0 native plugins for Editor in 0.00 ms.
Mono: successfully reloaded assembly
- Completed reload, in  1.086 seconds
Domain Reload Profiling:
	ReloadAssembly (1087ms)
		BeginReloadAssembly (142ms)
			ExecutionOrderSort (0ms)
			DisableScriptedObjects (4ms)
			BackupInstance (0ms)
			ReleaseScriptingObjects (0ms)
			CreateAndSetChildDomain (18ms)
		EndReloadAssembly (885ms)
			LoadAssemblies (97ms)
			RebuildTransferFunctionScriptingTraits (0ms)
			SetupTypeCache (279ms)
			ReleaseScriptCaches (0ms)
			RebuildScriptCaches (55ms)
			SetupLoadedEditorAssemblies (346ms)
				LogAssemblyErrors (0ms)
				InitializePlatformSupportModulesInManaged (3ms)
				SetLoadedEditorAssemblies (0ms)
				RefreshPlugins (47ms)
				BeforeProcessingInitializeOnLoad (80ms)
				ProcessInitializeOnLoadAttributes (193ms)
				ProcessInitializeOnLoadMethodAttributes (16ms)
				AfterProcessingInitializeOnLoad (6ms)
				EditorAssembliesLoaded (0ms)
			ExecutionOrderSort2 (0ms)
			AwakeInstancesAfterBackupRestoration (6ms)
Platform modules already initialized, skipping
========================================================================
Worker process is ready to serve import requests
Launched and connected shader compiler UnityShaderCompiler.exe after 0.07 seconds
Refreshing native plugins compatible for Editor in 0.54 ms, found 3 plugins.
Preloading 0 native plugins for Editor in 0.00 ms.
Unloading 2390 Unused Serialized files (Serialized files now loaded: 0)
System memory in use before: 105.5 MB.
System memory in use after: 105.6 MB.

Unloading 31 unused Assets to reduce memory usage. Loaded Objects now: 2824.
Total: 3.276500 ms (FindLiveObjects: 0.195500 ms CreateObjectMapping: 0.101000 ms MarkObjects: 2.856500 ms  DeleteObjects: 0.122700 ms)

AssetImportParameters requested are different than current active one (requested -> active):
  custom:framework-win-MediaFoundation: 216162199b28c13a410421893ffa2e32 -> 
  custom:video-decoder-ogg-theora: a1e56fd34408186e4bbccfd4996cb3dc -> 
  custom:container-muxer-webm: aa71ff27fc2769a1b78a27578f13a17b -> 
  custom:container-demuxer-webm: 4f35f7cbe854078d1ac9338744f61a02 -> 
  custom:container-demuxer-ogg: 62fdf1f143b41e24485cea50d1cbac27 -> 
  custom:video-encoder-webm-vp8: eb34c28f22e8b96e1ab97ce403110664 -> 
  custom:video-decoder-webm-vp8: 9c59270c3fd7afecdb556c50c9e8de78 -> 
  custom:audio-decoder-ogg-vorbis: bf7c407c2cedff20999df2af8eb42d56 -> 
  custom:audio-encoder-webm-vorbis: bf7c407c2cedff20999df2af8eb42d56 -> 
========================================================================
Received Import Request.
  path: Assets/sword 1.prefab
  artifactKey: Guid(f56a5215c907b1545a3bcfe4118e6e41) Importer(815301076,1909f56bfc062723c751e8b465ee728b)
Start importing Assets/sword 1.prefab using Guid(f56a5215c907b1545a3bcfe4118e6e41) Importer(815301076,1909f56bfc062723c751e8b465ee728b)  -> (artifact id: 'ca2e4683a55178f6a46820e116de73c9') in 0.100305 seconds 
========================================================================
Received Import Request.
  Time since last request: 0.000421 seconds.
  path: Assets/Welbut__.ttf
  artifactKey: Guid(a6801b8db3f1df34bbaad7d19ba9f0c9) Importer(815301076,1909f56bfc062723c751e8b465ee728b)
Start importing Assets/Welbut__.ttf using Guid(a6801b8db3f1df34bbaad7d19ba9f0c9) Importer(815301076,1909f56bfc062723c751e8b465ee728b)  -> (artifact id: 'fad957804339a46e4efad4a06d28c828') in 0.080654 seconds 
========================================================================
Received Import Request.
  Time since last request: 0.000289 seconds.
  path: Assets/StartBackground.png
  artifactKey: Guid(a1579829b22005549afc1882397be393) Importer(815301076,1909f56bfc062723c751e8b465ee728b)
Start importing Assets/StartBackground.png using Guid(a1579829b22005549afc1882397be393) Importer(815301076,1909f56bfc062723c751e8b465ee728b)  -> (artifact id: 'f2e41723983f392ecee3cd646f3a6eb3') in 0.058740 seconds 
========================================================================
Received Prepare
Registering precompiled user dll's ...
Registered in 0.003809 seconds.
Begin MonoManager ReloadAssembly
Symbol file data-000001DCFF034440 doesn't match image C:\Users\yuenn\UnityGames\LudumDare50\Ludum Dare 50 Game\Library\ScriptAssemblies\Unity.InternalAPIEngineBridge.001.dll
Symbol file LoadedFromMemory is not a mono symbol file
Symbol file data-000001DB6353A760 doesn't match image C:\Users\yuenn\UnityGames\LudumDare50\Ludum Dare 50 Game\Library\ScriptAssemblies\Unity.VSCode.Editor.dll
Symbol file LoadedFromMemory is not a mono symbol file
Symbol file data-000001DB68BF0620 doesn't match image C:\Users\yuenn\UnityGames\LudumDare50\Ludum Dare 50 Game\Library\ScriptAssemblies\Unity.2D.PixelPerfect.dll
Symbol file LoadedFromMemory is not a mono symbol file
Symbol file data-000001DB63229EA0 doesn't match image C:\Users\yuenn\UnityGames\LudumDare50\Ludum Dare 50 Game\Library\ScriptAssemblies\PsdPlugin.dll
Symbol file LoadedFromMemory is not a mono symbol file
Symbol file data-000001DB67EC9E10 doesn't match image C:\Users\yuenn\UnityGames\LudumDare50\Ludum Dare 50 Game\Library\ScriptAssemblies\Unity.TextMeshPro.Editor.dll
Symbol file LoadedFromMemory is not a mono symbol file
Symbol file data-000001DCFF942340 doesn't match image C:\Users\yuenn\UnityGames\LudumDare50\Ludum Dare 50 Game\Library\ScriptAssemblies\Unity.VisualStudio.Editor.dll
Symbol file LoadedFromMemory is not a mono symbol file
Symbol file data-000001DB6320F090 doesn't match image C:\Users\yuenn\UnityGames\LudumDare50\Ludum Dare 50 Game\Library\ScriptAssemblies\UnityEngine.TestRunner.dll
Symbol file LoadedFromMemory is not a mono symbol file
Symbol file data-000001DB67EC9E10 doesn't match image C:\Users\yuenn\UnityGames\LudumDare50\Ludum Dare 50 Game\Library\ScriptAssemblies\Unity.Timeline.dll
Symbol file LoadedFromMemory is not a mono symbol file
Symbol file data-000001DB63461020 doesn't match image C:\Users\yuenn\UnityGames\LudumDare50\Ludum Dare 50 Game\Library\ScriptAssemblies\Unity.TextMeshPro.dll
Symbol file LoadedFromMemory is not a mono symbol file
Symbol file data-000001DCFF9FD230 doesn't match image C:\Users\yuenn\UnityGames\LudumDare50\Ludum Dare 50 Game\Library\ScriptAssemblies\UnityEditor.TestRunner.dll
Symbol file LoadedFromMemory is not a mono symbol file
Symbol file data-000001DB67EC9E10 doesn't match image C:\Users\yuenn\UnityGames\LudumDare50\Ludum Dare 50 Game\Library\ScriptAssemblies\Unity.2D.Sprite.Editor.dll
Symbol file LoadedFromMemory is not a mono symbol file
Symbol file data-000001DCFF942340 doesn't match image C:\Users\yuenn\UnityGames\LudumDare50\Ludum Dare 50 Game\Library\ScriptAssemblies\Unity.2D.Path.Editor.dll
Symbol file LoadedFromMemory is not a mono symbol file
Symbol file data-000001DB64BF2220 doesn't match image C:\Users\yuenn\UnityGames\LudumDare50\Ludum Dare 50 Game\Library\ScriptAssemblies\Unity.InternalAPIEditorBridge.001.dll
Symbol file LoadedFromMemory is not a mono symbol file
Symbol file data-000001DCFF942340 doesn't match image C:\Users\yuenn\UnityGames\LudumDare50\Ludum Dare 50 Game\Library\ScriptAssemblies\UnityEditor.UI.dll
Symbol file LoadedFromMemory is not a mono symbol file
Symbol file data-000001DB63742030 doesn't match image C:\Users\yuenn\UnityGames\LudumDare50\Ludum Dare 50 Game\Library\ScriptAssemblies\Unity.PlasticSCM.Editor.dll
Symbol file LoadedFromMemory is not a mono symbol file
Symbol file data-000001DCFF942340 doesn't match image C:\Users\yuenn\UnityGames\LudumDare50\Ludum Dare 50 Game\Library\ScriptAssemblies\Unity.Rider.Editor.dll
Symbol file LoadedFromMemory is not a mono symbol file
Symbol file data-000001DB64EBD020 doesn't match image C:\Users\yuenn\UnityGames\LudumDare50\Ludum Dare 50 Game\Library\ScriptAssemblies\UnityEngine.UI.dll
Symbol file LoadedFromMemory is not a mono symbol file
Symbol file data-000001DB63404010 doesn't match image C:\Users\yuenn\UnityGames\LudumDare50\Ludum Dare 50 Game\Library\ScriptAssemblies\Unity.Mathematics.dll
Symbol file LoadedFromMemory is not a mono symbol file
Symbol file data-000001DCFF8D2D60 doesn't match image C:\Users\yuenn\UnityGames\LudumDare50\Ludum Dare 50 Game\Library\ScriptAssemblies\Unity.2D.IK.Runtime.dll
Symbol file LoadedFromMemory is not a mono symbol file
Symbol file data-000001DB64069B10 doesn't match image C:\Users\yuenn\UnityGames\LudumDare50\Ludum Dare 50 Game\Library\ScriptAssemblies\Unity.Services.Core.Editor.dll
Symbol file LoadedFromMemory is not a mono symbol file
Symbol file data-000001DCFFAE44D0 doesn't match image C:\Users\yuenn\UnityGames\LudumDare50\Ludum Dare 50 Game\Library\ScriptAssemblies\Unity.2D.Animation.Triangle.Runtime.dll
Symbol file LoadedFromMemory is not a mono symbol file
Symbol file data-000001DCFF936E50 doesn't match image C:\Users\yuenn\UnityGames\LudumDare50\Ludum Dare 50 Game\Library\ScriptAssemblies\Unity.2D.PixelPerfect.Editor.dll
Symbol file LoadedFromMemory is not a mono symbol file
Symbol file data-000001DB63879020 doesn't match image C:\Users\yuenn\UnityGames\LudumDare50\Ludum Dare 50 Game\Library\ScriptAssemblies\Unity.Timeline.Editor.dll
Symbol file LoadedFromMemory is not a mono symbol file
Symbol file data-000001DB68D27290 doesn't match image C:\Users\yuenn\UnityGames\LudumDare50\Ludum Dare 50 Game\Library\ScriptAssemblies\Unity.2D.Common.Runtime.dll
Symbol file LoadedFromMemory is not a mono symbol file
Symbol file data-000001DB6488A030 doesn't match image C:\Users\yuenn\UnityGames\LudumDare50\Ludum Dare 50 Game\Library\ScriptAssemblies\NavMeshComponentsEditor.dll
Symbol file LoadedFromMemory is not a mono symbol file
Symbol file data-000001DCFF7DF010 doesn't match image C:\Users\yuenn\UnityGames\LudumDare50\Ludum Dare 50 Game\Library\ScriptAssemblies\NavMeshComponents.dll
Symbol file LoadedFromMemory is not a mono symbol file
Symbol file data-000001DCFF705B10 doesn't match image C:\Users\yuenn\UnityGames\LudumDare50\Ludum Dare 50 Game\Library\ScriptAssemblies\Unity.2D.Common.Editor.dll
Symbol file LoadedFromMemory is not a mono symbol file
Native extension for WindowsStandalone target not found
Refreshing native plugins compatible for Editor in 0.51 ms, found 3 plugins.
Preloading 0 native plugins for Editor in 0.00 ms.
Mono: successfully reloaded assembly
- Completed reload, in  1.040 seconds
Domain Reload Profiling:
	ReloadAssembly (1040ms)
		BeginReloadAssembly (118ms)
			ExecutionOrderSort (0ms)
			DisableScriptedObjects (6ms)
			BackupInstance (0ms)
			ReleaseScriptingObjects (0ms)
			CreateAndSetChildDomain (34ms)
		EndReloadAssembly (861ms)
			LoadAssemblies (98ms)
			RebuildTransferFunctionScriptingTraits (0ms)
			SetupTypeCache (304ms)
			ReleaseScriptCaches (1ms)
			RebuildScriptCaches (47ms)
			SetupLoadedEditorAssemblies (320ms)
				LogAssemblyErrors (0ms)
				InitializePlatformSupportModulesInManaged (5ms)
				SetLoadedEditorAssemblies (1ms)
				RefreshPlugins (1ms)
				BeforeProcessingInitializeOnLoad (100ms)
				ProcessInitializeOnLoadAttributes (196ms)
				ProcessInitializeOnLoadMethodAttributes (11ms)
				AfterProcessingInitializeOnLoad (7ms)
				EditorAssembliesLoaded (0ms)
			ExecutionOrderSort2 (0ms)
			AwakeInstancesAfterBackupRestoration (8ms)
Platform modules already initialized, skipping
Refreshing native plugins compatible for Editor in 0.51 ms, found 3 plugins.
Preloading 0 native plugins for Editor in 0.00 ms.
Unloading 2369 Unused Serialized files (Serialized files now loaded: 0)
System memory in use before: 107.3 MB.
System memory in use after: 107.4 MB.

Unloading 20 unused Assets to reduce memory usage. Loaded Objects now: 2874.
Total: 3.177700 ms (FindLiveObjects: 0.188100 ms CreateObjectMapping: 0.125100 ms MarkObjects: 2.766000 ms  DeleteObjects: 0.097500 ms)

AssetImportParameters requested are different than current active one (requested -> active):
  custom:framework-win-MediaFoundation: 216162199b28c13a410421893ffa2e32 -> 
  custom:video-decoder-ogg-theora: a1e56fd34408186e4bbccfd4996cb3dc -> 
  custom:container-muxer-webm: aa71ff27fc2769a1b78a27578f13a17b -> 
  custom:container-demuxer-webm: 4f35f7cbe854078d1ac9338744f61a02 -> 
  custom:container-demuxer-ogg: 62fdf1f143b41e24485cea50d1cbac27 -> 
  custom:video-encoder-webm-vp8: eb34c28f22e8b96e1ab97ce403110664 -> 
  custom:video-decoder-webm-vp8: 9c59270c3fd7afecdb556c50c9e8de78 -> 
  custom:audio-decoder-ogg-vorbis: bf7c407c2cedff20999df2af8eb42d56 -> 
  custom:audio-encoder-webm-vorbis: bf7c407c2cedff20999df2af8eb42d56 -> 
========================================================================
Received Prepare
Registering precompiled user dll's ...
Registered in 0.003505 seconds.
Begin MonoManager ReloadAssembly
Symbol file data-000001DCFF034440 doesn't match image C:\Users\yuenn\UnityGames\LudumDare50\Ludum Dare 50 Game\Library\ScriptAssemblies\Unity.InternalAPIEngineBridge.001.dll
Symbol file LoadedFromMemory is not a mono symbol file
Symbol file data-000001DB6416C030 doesn't match image C:\Users\yuenn\UnityGames\LudumDare50\Ludum Dare 50 Game\Library\ScriptAssemblies\Unity.VSCode.Editor.dll
Symbol file LoadedFromMemory is not a mono symbol file
Symbol file data-000001DB668FF030 doesn't match image C:\Users\yuenn\UnityGames\LudumDare50\Ludum Dare 50 Game\Library\ScriptAssemblies\Unity.2D.PixelPerfect.dll
Symbol file LoadedFromMemory is not a mono symbol file
Symbol file data-000001DB66F92010 doesn't match image C:\Users\yuenn\UnityGames\LudumDare50\Ludum Dare 50 Game\Library\ScriptAssemblies\PsdPlugin.dll
Symbol file LoadedFromMemory is not a mono symbol file
Symbol file data-000001DB650E6020 doesn't match image C:\Users\yuenn\UnityGames\LudumDare50\Ludum Dare 50 Game\Library\ScriptAssemblies\Unity.TextMeshPro.Editor.dll
Symbol file LoadedFromMemory is not a mono symbol file
Symbol file data-000001DB63229EA0 doesn't match image C:\Users\yuenn\UnityGames\LudumDare50\Ludum Dare 50 Game\Library\ScriptAssemblies\Unity.VisualStudio.Editor.dll
Symbol file LoadedFromMemory is not a mono symbol file
Symbol file data-000001DB635A5020 doesn't match image C:\Users\yuenn\UnityGames\LudumDare50\Ludum Dare 50 Game\Library\ScriptAssemblies\UnityEngine.TestRunner.dll
Symbol file LoadedFromMemory is not a mono symbol file
Symbol file data-000001DB67F33030 doesn't match image C:\Users\yuenn\UnityGames\LudumDare50\Ludum Dare 50 Game\Library\ScriptAssemblies\Unity.Timeline.dll
Symbol file LoadedFromMemory is not a mono symbol file
Symbol file data-000001DB67F97020 doesn't match image C:\Users\yuenn\UnityGames\LudumDare50\Ludum Dare 50 Game\Library\ScriptAssemblies\Unity.TextMeshPro.dll
Symbol file LoadedFromMemory is not a mono symbol file
Symbol file data-000001DCFF9FD230 doesn't match image C:\Users\yuenn\UnityGames\LudumDare50\Ludum Dare 50 Game\Library\ScriptAssemblies\UnityEditor.TestRunner.dll
Symbol file LoadedFromMemory is not a mono symbol file
Symbol file data-000001DB67F33030 doesn't match image C:\Users\yuenn\UnityGames\LudumDare50\Ludum Dare 50 Game\Library\ScriptAssemblies\Unity.2D.Sprite.Editor.dll
Symbol file LoadedFromMemory is not a mono symbol file
Symbol file data-000001DB6320F090 doesn't match image C:\Users\yuenn\UnityGames\LudumDare50\Ludum Dare 50 Game\Library\ScriptAssemblies\Unity.2D.Path.Editor.dll
Symbol file LoadedFromMemory is not a mono symbol file
Symbol file data-000001DB67FBE230 doesn't match image C:\Users\yuenn\UnityGames\LudumDare50\Ludum Dare 50 Game\Library\ScriptAssemblies\Unity.InternalAPIEditorBridge.001.dll
Symbol file LoadedFromMemory is not a mono symbol file
Symbol file data-000001DB63229EA0 doesn't match image C:\Users\yuenn\UnityGames\LudumDare50\Ludum Dare 50 Game\Library\ScriptAssemblies\UnityEditor.UI.dll
Symbol file LoadedFromMemory is not a mono symbol file
Symbol file data-000001DB67550090 doesn't match image C:\Users\yuenn\UnityGames\LudumDare50\Ludum Dare 50 Game\Library\ScriptAssemblies\Unity.PlasticSCM.Editor.dll
Symbol file LoadedFromMemory is not a mono symbol file
Symbol file data-000001DB66576020 doesn't match image C:\Users\yuenn\UnityGames\LudumDare50\Ludum Dare 50 Game\Library\ScriptAssemblies\Unity.Rider.Editor.dll
Symbol file LoadedFromMemory is not a mono symbol file
Symbol file data-000001DB64F34020 doesn't match image C:\Users\yuenn\UnityGames\LudumDare50\Ludum Dare 50 Game\Library\ScriptAssemblies\UnityEngine.UI.dll
Symbol file LoadedFromMemory is not a mono symbol file
Symbol file data-000001DB638DF010 doesn't match image C:\Users\yuenn\UnityGames\LudumDare50\Ludum Dare 50 Game\Library\ScriptAssemblies\Unity.Mathematics.dll
Symbol file LoadedFromMemory is not a mono symbol file
Symbol file data-000001DCFF705B10 doesn't match image C:\Users\yuenn\UnityGames\LudumDare50\Ludum Dare 50 Game\Library\ScriptAssemblies\Unity.2D.IK.Runtime.dll
Symbol file LoadedFromMemory is not a mono symbol file
Symbol file data-000001DB64069B10 doesn't match image C:\Users\yuenn\UnityGames\LudumDare50\Ludum Dare 50 Game\Library\ScriptAssemblies\Unity.Services.Core.Editor.dll
Symbol file LoadedFromMemory is not a mono symbol file
Symbol file data-000001DB67DEADC0 doesn't match image C:\Users\yuenn\UnityGames\LudumDare50\Ludum Dare 50 Game\Library\ScriptAssemblies\Unity.2D.Animation.Triangle.Runtime.dll
Symbol file LoadedFromMemory is not a mono symbol file
Symbol file data-000001DB632194C0 doesn't match image C:\Users\yuenn\UnityGames\LudumDare50\Ludum Dare 50 Game\Library\ScriptAssemblies\Unity.2D.PixelPerfect.Editor.dll
Symbol file LoadedFromMemory is not a mono symbol file
Symbol file data-000001DB63805410 doesn't match image C:\Users\yuenn\UnityGames\LudumDare50\Ludum Dare 50 Game\Library\ScriptAssemblies\Unity.Timeline.Editor.dll
Symbol file LoadedFromMemory is not a mono symbol file
Symbol file data-000001DB68D270C0 doesn't match image C:\Users\yuenn\UnityGames\LudumDare50\Ludum Dare 50 Game\Library\ScriptAssemblies\Unity.2D.Common.Runtime.dll
Symbol file LoadedFromMemory is not a mono symbol file
Symbol file data-000001DB63AB9A90 doesn't match image C:\Users\yuenn\UnityGames\LudumDare50\Ludum Dare 50 Game\Library\ScriptAssemblies\NavMeshComponentsEditor.dll
Symbol file LoadedFromMemory is not a mono symbol file
Symbol file data-000001DB6416C030 doesn't match image C:\Users\yuenn\UnityGames\LudumDare50\Ludum Dare 50 Game\Library\ScriptAssemblies\NavMeshComponents.dll
Symbol file LoadedFromMemory is not a mono symbol file
Symbol file data-000001DB677CEC30 doesn't match image C:\Users\yuenn\UnityGames\LudumDare50\Ludum Dare 50 Game\Library\ScriptAssemblies\Unity.2D.Common.Editor.dll
Symbol file LoadedFromMemory is not a mono symbol file
Native extension for WindowsStandalone target not found
Refreshing native plugins compatible for Editor in 0.55 ms, found 3 plugins.
Preloading 0 native plugins for Editor in 0.00 ms.
Mono: successfully reloaded assembly
- Completed reload, in  0.986 seconds
Domain Reload Profiling:
	ReloadAssembly (987ms)
		BeginReloadAssembly (109ms)
			ExecutionOrderSort (0ms)
			DisableScriptedObjects (6ms)
			BackupInstance (0ms)
			ReleaseScriptingObjects (0ms)
			CreateAndSetChildDomain (31ms)
		EndReloadAssembly (811ms)
			LoadAssemblies (94ms)
			RebuildTransferFunctionScriptingTraits (0ms)
			SetupTypeCache (287ms)
			ReleaseScriptCaches (1ms)
			RebuildScriptCaches (42ms)
			SetupLoadedEditorAssemblies (297ms)
				LogAssemblyErrors (0ms)
				InitializePlatformSupportModulesInManaged (4ms)
				SetLoadedEditorAssemblies (0ms)
				RefreshPlugins (1ms)
				BeforeProcessingInitializeOnLoad (94ms)
				ProcessInitializeOnLoadAttributes (180ms)
				ProcessInitializeOnLoadMethodAttributes (11ms)
				AfterProcessingInitializeOnLoad (7ms)
				EditorAssembliesLoaded (0ms)
			ExecutionOrderSort2 (0ms)
			AwakeInstancesAfterBackupRestoration (8ms)
Platform modules already initialized, skipping
Refreshing native plugins compatible for Editor in 0.54 ms, found 3 plugins.
Preloading 0 native plugins for Editor in 0.00 ms.
Unloading 2369 Unused Serialized files (Serialized files now loaded: 0)
System memory in use before: 107.4 MB.
System memory in use after: 107.5 MB.

Unloading 20 unused Assets to reduce memory usage. Loaded Objects now: 2877.
Total: 3.228600 ms (FindLiveObjects: 0.215100 ms CreateObjectMapping: 0.113300 ms MarkObjects: 2.797800 ms  DeleteObjects: 0.101500 ms)

AssetImportParameters requested are different than current active one (requested -> active):
  custom:framework-win-MediaFoundation: 216162199b28c13a410421893ffa2e32 -> 
  custom:video-decoder-ogg-theora: a1e56fd34408186e4bbccfd4996cb3dc -> 
  custom:container-muxer-webm: aa71ff27fc2769a1b78a27578f13a17b -> 
  custom:container-demuxer-webm: 4f35f7cbe854078d1ac9338744f61a02 -> 
  custom:container-demuxer-ogg: 62fdf1f143b41e24485cea50d1cbac27 -> 
  custom:video-encoder-webm-vp8: eb34c28f22e8b96e1ab97ce403110664 -> 
  custom:video-decoder-webm-vp8: 9c59270c3fd7afecdb556c50c9e8de78 -> 
  custom:audio-decoder-ogg-vorbis: bf7c407c2cedff20999df2af8eb42d56 -> 
  custom:audio-encoder-webm-vorbis: bf7c407c2cedff20999df2af8eb42d56 -> 
========================================================================
Received Import Request.
  Time since last request: 409.952886 seconds.
  path: Assets/Scenes/Main Scene.unity
  artifactKey: Guid(2cda990e2423bbf4892e6590ba056729) Importer(815301076,1909f56bfc062723c751e8b465ee728b)
Start importing Assets/Scenes/Main Scene.unity using Guid(2cda990e2423bbf4892e6590ba056729) Importer(815301076,1909f56bfc062723c751e8b465ee728b)  -> (artifact id: '5b733a2db79247d99047430ffd718645') in 0.009038 seconds 
========================================================================
Received Prepare
Registering precompiled user dll's ...
Registered in 0.003389 seconds.
Begin MonoManager ReloadAssembly
Symbol file data-000001DB636C2800 doesn't match image C:\Users\yuenn\UnityGames\LudumDare50\Ludum Dare 50 Game\Library\ScriptAssemblies\Unity.InternalAPIEngineBridge.001.dll
Symbol file LoadedFromMemory is not a mono symbol file
Symbol file data-000001DB63334030 doesn't match image C:\Users\yuenn\UnityGames\LudumDare50\Ludum Dare 50 Game\Library\ScriptAssemblies\Unity.VSCode.Editor.dll
Symbol file LoadedFromMemory is not a mono symbol file
Symbol file data-000001DB65297630 doesn't match image C:\Users\yuenn\UnityGames\LudumDare50\Ludum Dare 50 Game\Library\ScriptAssemblies\Unity.2D.PixelPerfect.dll
Symbol file LoadedFromMemory is not a mono symbol file
Symbol file data-000001DB635A5020 doesn't match image C:\Users\yuenn\UnityGames\LudumDare50\Ludum Dare 50 Game\Library\ScriptAssemblies\PsdPlugin.dll
Symbol file LoadedFromMemory is not a mono symbol file
Symbol file data-000001DB69639020 doesn't match image C:\Users\yuenn\UnityGames\LudumDare50\Ludum Dare 50 Game\Library\ScriptAssemblies\Unity.TextMeshPro.Editor.dll
Symbol file LoadedFromMemory is not a mono symbol file
Symbol file data-000001DB63229EA0 doesn't match image C:\Users\yuenn\UnityGames\LudumDare50\Ludum Dare 50 Game\Library\ScriptAssemblies\Unity.VisualStudio.Editor.dll
Symbol file LoadedFromMemory is not a mono symbol file
Symbol file data-000001DB635A5020 doesn't match image C:\Users\yuenn\UnityGames\LudumDare50\Ludum Dare 50 Game\Library\ScriptAssemblies\UnityEngine.TestRunner.dll
Symbol file LoadedFromMemory is not a mono symbol file
Symbol file data-000001DCFF5E3010 doesn't match image C:\Users\yuenn\UnityGames\LudumDare50\Ludum Dare 50 Game\Library\ScriptAssemblies\Unity.Timeline.dll
Symbol file LoadedFromMemory is not a mono symbol file
Symbol file data-000001DB67F97020 doesn't match image C:\Users\yuenn\UnityGames\LudumDare50\Ludum Dare 50 Game\Library\ScriptAssemblies\Unity.TextMeshPro.dll
Symbol file LoadedFromMemory is not a mono symbol file
Symbol file data-000001DCFF9FD230 doesn't match image C:\Users\yuenn\UnityGames\LudumDare50\Ludum Dare 50 Game\Library\ScriptAssemblies\UnityEditor.TestRunner.dll
Symbol file LoadedFromMemory is not a mono symbol file
Symbol file data-000001DCFF5E3010 doesn't match image C:\Users\yuenn\UnityGames\LudumDare50\Ludum Dare 50 Game\Library\ScriptAssemblies\Unity.2D.Sprite.Editor.dll
Symbol file LoadedFromMemory is not a mono symbol file
Symbol file data-000001DB6320F090 doesn't match image C:\Users\yuenn\UnityGames\LudumDare50\Ludum Dare 50 Game\Library\ScriptAssemblies\Unity.2D.Path.Editor.dll
Symbol file LoadedFromMemory is not a mono symbol file
Symbol file data-000001DCFF32F040 doesn't match image C:\Users\yuenn\UnityGames\LudumDare50\Ludum Dare 50 Game\Library\ScriptAssemblies\Unity.InternalAPIEditorBridge.001.dll
Symbol file LoadedFromMemory is not a mono symbol file
Symbol file data-000001DB651E3FB0 doesn't match image C:\Users\yuenn\UnityGames\LudumDare50\Ludum Dare 50 Game\Library\ScriptAssemblies\UnityEditor.UI.dll
Symbol file LoadedFromMemory is not a mono symbol file
Symbol file data-000001DB67550090 doesn't match image C:\Users\yuenn\UnityGames\LudumDare50\Ludum Dare 50 Game\Library\ScriptAssemblies\Unity.PlasticSCM.Editor.dll
Symbol file LoadedFromMemory is not a mono symbol file
Symbol file data-000001DB66CD8170 doesn't match image C:\Users\yuenn\UnityGames\LudumDare50\Ludum Dare 50 Game\Library\ScriptAssemblies\Unity.Rider.Editor.dll
Symbol file LoadedFromMemory is not a mono symbol file
Symbol file data-000001DB64DC7030 doesn't match image C:\Users\yuenn\UnityGames\LudumDare50\Ludum Dare 50 Game\Library\ScriptAssemblies\UnityEngine.UI.dll
Symbol file LoadedFromMemory is not a mono symbol file
Symbol file data-000001DB638DF010 doesn't match image C:\Users\yuenn\UnityGames\LudumDare50\Ludum Dare 50 Game\Library\ScriptAssemblies\Unity.Mathematics.dll
Symbol file LoadedFromMemory is not a mono symbol file
Symbol file data-000001DB64F4EA30 doesn't match image C:\Users\yuenn\UnityGames\LudumDare50\Ludum Dare 50 Game\Library\ScriptAssemblies\Unity.2D.IK.Runtime.dll
Symbol file LoadedFromMemory is not a mono symbol file
Symbol file data-000001DB66CD8170 doesn't match image C:\Users\yuenn\UnityGames\LudumDare50\Ludum Dare 50 Game\Library\ScriptAssemblies\Unity.Services.Core.Editor.dll
Symbol file LoadedFromMemory is not a mono symbol file
Symbol file data-000001DB64DC7030 doesn't match image C:\Users\yuenn\UnityGames\LudumDare50\Ludum Dare 50 Game\Library\ScriptAssemblies\Unity.2D.Animation.Triangle.Runtime.dll
Symbol file LoadedFromMemory is not a mono symbol file
Symbol file data-000001DCFF32F040 doesn't match image C:\Users\yuenn\UnityGames\LudumDare50\Ludum Dare 50 Game\Library\ScriptAssemblies\Unity.2D.PixelPerfect.Editor.dll
Symbol file LoadedFromMemory is not a mono symbol file
Symbol file data-000001DCFFC7FF60 doesn't match image C:\Users\yuenn\UnityGames\LudumDare50\Ludum Dare 50 Game\Library\ScriptAssemblies\Unity.Timeline.Editor.dll
Symbol file LoadedFromMemory is not a mono symbol file
Symbol file data-000001DB63ABA050 doesn't match image C:\Users\yuenn\UnityGames\LudumDare50\Ludum Dare 50 Game\Library\ScriptAssemblies\Unity.2D.Common.Runtime.dll
Symbol file LoadedFromMemory is not a mono symbol file
Symbol file data-000001DB6488A030 doesn't match image C:\Users\yuenn\UnityGames\LudumDare50\Ludum Dare 50 Game\Library\ScriptAssemblies\NavMeshComponentsEditor.dll
Symbol file LoadedFromMemory is not a mono symbol file
Symbol file data-000001DB6488A030 doesn't match image C:\Users\yuenn\UnityGames\LudumDare50\Ludum Dare 50 Game\Library\ScriptAssemblies\NavMeshComponents.dll
Symbol file LoadedFromMemory is not a mono symbol file
Symbol file data-000001DB63334030 doesn't match image C:\Users\yuenn\UnityGames\LudumDare50\Ludum Dare 50 Game\Library\ScriptAssemblies\Unity.2D.Common.Editor.dll
Symbol file LoadedFromMemory is not a mono symbol file
Native extension for WindowsStandalone target not found
Refreshing native plugins compatible for Editor in 0.49 ms, found 3 plugins.
Preloading 0 native plugins for Editor in 0.00 ms.
Mono: successfully reloaded assembly
- Completed reload, in  0.979 seconds
Domain Reload Profiling:
	ReloadAssembly (980ms)
		BeginReloadAssembly (111ms)
			ExecutionOrderSort (0ms)
			DisableScriptedObjects (6ms)
			BackupInstance (0ms)
			ReleaseScriptingObjects (0ms)
			CreateAndSetChildDomain (31ms)
		EndReloadAssembly (810ms)
			LoadAssemblies (97ms)
			RebuildTransferFunctionScriptingTraits (0ms)
			SetupTypeCache (282ms)
			ReleaseScriptCaches (1ms)
			RebuildScriptCaches (43ms)
			SetupLoadedEditorAssemblies (301ms)
				LogAssemblyErrors (0ms)
				InitializePlatformSupportModulesInManaged (4ms)
				SetLoadedEditorAssemblies (0ms)
				RefreshPlugins (1ms)
				BeforeProcessingInitializeOnLoad (92ms)
				ProcessInitializeOnLoadAttributes (187ms)
				ProcessInitializeOnLoadMethodAttributes (10ms)
				AfterProcessingInitializeOnLoad (7ms)
				EditorAssembliesLoaded (0ms)
			ExecutionOrderSort2 (0ms)
			AwakeInstancesAfterBackupRestoration (8ms)
Platform modules already initialized, skipping
Refreshing native plugins compatible for Editor in 0.53 ms, found 3 plugins.
Preloading 0 native plugins for Editor in 0.00 ms.
Unloading 2369 Unused Serialized files (Serialized files now loaded: 0)
System memory in use before: 107.4 MB.
System memory in use after: 107.5 MB.

Unloading 20 unused Assets to reduce memory usage. Loaded Objects now: 2880.
Total: 4.091400 ms (FindLiveObjects: 0.194900 ms CreateObjectMapping: 0.237600 ms MarkObjects: 3.533900 ms  DeleteObjects: 0.124500 ms)

AssetImportParameters requested are different than current active one (requested -> active):
  custom:framework-win-MediaFoundation: 216162199b28c13a410421893ffa2e32 -> 
  custom:video-decoder-ogg-theora: a1e56fd34408186e4bbccfd4996cb3dc -> 
  custom:container-muxer-webm: aa71ff27fc2769a1b78a27578f13a17b -> 
  custom:container-demuxer-webm: 4f35f7cbe854078d1ac9338744f61a02 -> 
  custom:container-demuxer-ogg: 62fdf1f143b41e24485cea50d1cbac27 -> 
  custom:video-encoder-webm-vp8: eb34c28f22e8b96e1ab97ce403110664 -> 
  custom:video-decoder-webm-vp8: 9c59270c3fd7afecdb556c50c9e8de78 -> 
  custom:audio-decoder-ogg-vorbis: bf7c407c2cedff20999df2af8eb42d56 -> 
  custom:audio-encoder-webm-vorbis: bf7c407c2cedff20999df2af8eb42d56 -> 
========================================================================
Received Import Request.
  Time since last request: 236.915154 seconds.
  path: Assets/Scripts/EnemyRelated/EnemyAI.cs
  artifactKey: Guid(be2f90fb8bd82cd41b80135e6f93d633) Importer(815301076,1909f56bfc062723c751e8b465ee728b)
Start importing Assets/Scripts/EnemyRelated/EnemyAI.cs using Guid(be2f90fb8bd82cd41b80135e6f93d633) Importer(815301076,1909f56bfc062723c751e8b465ee728b)  -> (artifact id: 'f684be817142b9238cbcb93f57446b38') in 0.018033 seconds 
========================================================================
Received Import Request.
  Time since last request: 0.430386 seconds.
  path: Assets/Scripts/EnemyRelated/EnemyGeneration.cs
  artifactKey: Guid(596f3c98b5f68f64882b8414d2936193) Importer(815301076,1909f56bfc062723c751e8b465ee728b)
Start importing Assets/Scripts/EnemyRelated/EnemyGeneration.cs using Guid(596f3c98b5f68f64882b8414d2936193) Importer(815301076,1909f56bfc062723c751e8b465ee728b)  -> (artifact id: '53f1e35614c69883c13f6fafa26ba7dd') in 0.007673 seconds 
========================================================================
Received Import Request.
  Time since last request: 0.910307 seconds.
  path: Assets/Scripts/EnemyRelated/BossBulletCheck.cs
  artifactKey: Guid(8e51ec298eb18624db1bbe19ed203498) Importer(815301076,1909f56bfc062723c751e8b465ee728b)
Start importing Assets/Scripts/EnemyRelated/BossBulletCheck.cs using Guid(8e51ec298eb18624db1bbe19ed203498) Importer(815301076,1909f56bfc062723c751e8b465ee728b)  -> (artifact id: '8cbff7a6532dd7121b3c5fb20d0a5e27') in 0.008242 seconds 
========================================================================
Received Import Request.
  Time since last request: 0.376570 seconds.
  path: Assets/Scripts/EnemyRelated/bossBullet.cs
  artifactKey: Guid(c34d5019ec4f09d4ea247b4e73bc3a70) Importer(815301076,1909f56bfc062723c751e8b465ee728b)
Start importing Assets/Scripts/EnemyRelated/bossBullet.cs using Guid(c34d5019ec4f09d4ea247b4e73bc3a70) Importer(815301076,1909f56bfc062723c751e8b465ee728b)  -> (artifact id: '4b0d3deca055a183ba3301bb54bc5d82') in 0.009030 seconds 
========================================================================
Received Import Request.
  Time since last request: 1.993864 seconds.
  path: Assets/Scripts/EnemyRelated/bossControllerScript.cs
  artifactKey: Guid(3284a5c5c4a55a24f918c38649871bd2) Importer(815301076,1909f56bfc062723c751e8b465ee728b)
Start importing Assets/Scripts/EnemyRelated/bossControllerScript.cs using Guid(3284a5c5c4a55a24f918c38649871bd2) Importer(815301076,1909f56bfc062723c751e8b465ee728b)  -> (artifact id: '28b2aa143c0b4f208100de8a7e277436') in 0.006954 seconds 
========================================================================
Received Import Request.
  Time since last request: 4.297938 seconds.
  path: Assets/Scripts/EnemyRelated/bossFightTriggerController.cs
  artifactKey: Guid(af8e6f7c112cadb42840ed8ec33db96e) Importer(815301076,1909f56bfc062723c751e8b465ee728b)
Start importing Assets/Scripts/EnemyRelated/bossFightTriggerController.cs using Guid(af8e6f7c112cadb42840ed8ec33db96e) Importer(815301076,1909f56bfc062723c751e8b465ee728b)  -> (artifact id: 'ea5725a88eac0d543613b4f4f68c894a') in 0.008244 seconds 
AssetImportWorkerClient::OnTransportError - code=2 error=End of file
